{"C:\\Users\\Virginia\\Documents\\laboratoria\\lim20181-Track-FE-markdown-list\\index.js": {"path":"C:\\Users\\Virginia\\Documents\\laboratoria\\lim20181-Track-FE-markdown-list\\index.js","statementMap":{"0":{"start":{"line":1,"column":11},"end":{"line":1,"column":24}},"1":{"start":{"line":2,"column":14},"end":{"line":2,"column":35}},"2":{"start":{"line":3,"column":13},"end":{"line":3,"column":36}},"3":{"start":{"line":6,"column":14},"end":{"line":6,"column":16}},"4":{"start":{"line":7,"column":12},"end":{"line":7,"column":13}},"5":{"start":{"line":8,"column":13},"end":{"line":8,"column":14}},"6":{"start":{"line":9,"column":12},"end":{"line":9,"column":13}},"7":{"start":{"line":10,"column":17},"end":{"line":10,"column":19}},"8":{"start":{"line":11,"column":22},"end":{"line":11,"column":24}},"9":{"start":{"line":12,"column":13},"end":{"line":12,"column":14}},"10":{"start":{"line":13,"column":15},"end":{"line":13,"column":17}},"11":{"start":{"line":14,"column":14},"end":{"line":14,"column":16}},"12":{"start":{"line":16,"column":16},"end":{"line":28,"column":1}},"13":{"start":{"line":17,"column":1},"end":{"line":17,"column":26}},"14":{"start":{"line":18,"column":1},"end":{"line":18,"column":17}},"15":{"start":{"line":20,"column":1},"end":{"line":27,"column":4}},"16":{"start":{"line":22,"column":15},"end":{"line":24,"column":4}},"17":{"start":{"line":23,"column":3},"end":{"line":23,"column":18}},"18":{"start":{"line":26,"column":2},"end":{"line":26,"column":16}},"19":{"start":{"line":30,"column":17},"end":{"line":49,"column":1}},"20":{"start":{"line":32,"column":20},"end":{"line":32,"column":31}},"21":{"start":{"line":34,"column":19},"end":{"line":34,"column":44}},"22":{"start":{"line":37,"column":1},"end":{"line":48,"column":2}},"23":{"start":{"line":38,"column":16},"end":{"line":38,"column":39}},"24":{"start":{"line":39,"column":2},"end":{"line":41,"column":3}},"25":{"start":{"line":40,"column":3},"end":{"line":40,"column":36}},"26":{"start":{"line":42,"column":8},"end":{"line":48,"column":2}},"27":{"start":{"line":43,"column":14},"end":{"line":43,"column":42}},"28":{"start":{"line":45,"column":2},"end":{"line":47,"column":5}},"29":{"start":{"line":46,"column":3},"end":{"line":46,"column":32}},"30":{"start":{"line":51,"column":20},"end":{"line":81,"column":1}},"31":{"start":{"line":52,"column":14},"end":{"line":52,"column":40}},"32":{"start":{"line":53,"column":1},"end":{"line":80,"column":2}},"33":{"start":{"line":54,"column":2},"end":{"line":54,"column":49}},"34":{"start":{"line":56,"column":18},"end":{"line":56,"column":46}},"35":{"start":{"line":58,"column":16},"end":{"line":58,"column":35}},"36":{"start":{"line":60,"column":2},"end":{"line":60,"column":38}},"37":{"start":{"line":63,"column":2},"end":{"line":77,"column":5}},"38":{"start":{"line":65,"column":3},"end":{"line":65,"column":26}},"39":{"start":{"line":67,"column":3},"end":{"line":73,"column":4}},"40":{"start":{"line":68,"column":17},"end":{"line":68,"column":47}},"41":{"start":{"line":69,"column":4},"end":{"line":69,"column":25}},"42":{"start":{"line":70,"column":10},"end":{"line":73,"column":4}},"43":{"start":{"line":71,"column":17},"end":{"line":71,"column":63}},"44":{"start":{"line":72,"column":4},"end":{"line":72,"column":25}},"45":{"start":{"line":75,"column":3},"end":{"line":75,"column":15}},"46":{"start":{"line":76,"column":3},"end":{"line":76,"column":20}},"47":{"start":{"line":79,"column":2},"end":{"line":79,"column":45}},"48":{"start":{"line":83,"column":23},"end":{"line":91,"column":1}},"49":{"start":{"line":84,"column":1},"end":{"line":84,"column":11}},"50":{"start":{"line":85,"column":1},"end":{"line":85,"column":12}},"51":{"start":{"line":86,"column":1},"end":{"line":86,"column":11}},"52":{"start":{"line":87,"column":1},"end":{"line":87,"column":17}},"53":{"start":{"line":88,"column":1},"end":{"line":88,"column":22}},"54":{"start":{"line":89,"column":1},"end":{"line":89,"column":12}},"55":{"start":{"line":90,"column":1},"end":{"line":90,"column":15}},"56":{"start":{"line":94,"column":21},"end":{"line":104,"column":1}},"57":{"start":{"line":98,"column":19},"end":{"line":98,"column":68}},"58":{"start":{"line":99,"column":1},"end":{"line":103,"column":2}},"59":{"start":{"line":100,"column":2},"end":{"line":100,"column":14}},"60":{"start":{"line":102,"column":2},"end":{"line":102,"column":15}},"61":{"start":{"line":106,"column":18},"end":{"line":112,"column":1}},"62":{"start":{"line":107,"column":1},"end":{"line":111,"column":2}},"63":{"start":{"line":108,"column":2},"end":{"line":108,"column":14}},"64":{"start":{"line":110,"column":2},"end":{"line":110,"column":15}},"65":{"start":{"line":114,"column":23},"end":{"line":117,"column":1}},"66":{"start":{"line":115,"column":18},"end":{"line":115,"column":47}},"67":{"start":{"line":116,"column":1},"end":{"line":116,"column":17}},"68":{"start":{"line":119,"column":27},"end":{"line":124,"column":1}},"69":{"start":{"line":120,"column":1},"end":{"line":123,"column":2}},"70":{"start":{"line":122,"column":2},"end":{"line":122,"column":22}},"71":{"start":{"line":126,"column":16},"end":{"line":152,"column":1}},"72":{"start":{"line":132,"column":18},"end":{"line":132,"column":101}},"73":{"start":{"line":135,"column":1},"end":{"line":149,"column":4}},"74":{"start":{"line":137,"column":18},"end":{"line":137,"column":34}},"75":{"start":{"line":139,"column":2},"end":{"line":139,"column":34}},"76":{"start":{"line":142,"column":2},"end":{"line":148,"column":3}},"77":{"start":{"line":143,"column":3},"end":{"line":143,"column":24}},"78":{"start":{"line":145,"column":3},"end":{"line":147,"column":4}},"79":{"start":{"line":146,"column":4},"end":{"line":146,"column":30}},"80":{"start":{"line":150,"column":1},"end":{"line":150,"column":53}},"81":{"start":{"line":154,"column":19},"end":{"line":160,"column":1}},"82":{"start":{"line":155,"column":21},"end":{"line":158,"column":2}},"83":{"start":{"line":159,"column":1},"end":{"line":159,"column":20}},"84":{"start":{"line":162,"column":20},"end":{"line":197,"column":1}},"85":{"start":{"line":163,"column":15},"end":{"line":194,"column":3}},"86":{"start":{"line":165,"column":2},"end":{"line":181,"column":3}},"87":{"start":{"line":167,"column":4},"end":{"line":172,"column":5}},"88":{"start":{"line":168,"column":5},"end":{"line":168,"column":67}},"89":{"start":{"line":171,"column":5},"end":{"line":171,"column":22}},"90":{"start":{"line":173,"column":4},"end":{"line":173,"column":12}},"91":{"start":{"line":174,"column":4},"end":{"line":174,"column":10}},"92":{"start":{"line":176,"column":4},"end":{"line":178,"column":5}},"93":{"start":{"line":177,"column":5},"end":{"line":177,"column":69}},"94":{"start":{"line":179,"column":4},"end":{"line":179,"column":13}},"95":{"start":{"line":180,"column":4},"end":{"line":180,"column":10}},"96":{"start":{"line":183,"column":2},"end":{"line":189,"column":3}},"97":{"start":{"line":184,"column":16},"end":{"line":184,"column":83}},"98":{"start":{"line":185,"column":3},"end":{"line":185,"column":24}},"99":{"start":{"line":186,"column":9},"end":{"line":189,"column":3}},"100":{"start":{"line":187,"column":16},"end":{"line":187,"column":54}},"101":{"start":{"line":188,"column":3},"end":{"line":188,"column":24}},"102":{"start":{"line":196,"column":1},"end":{"line":196,"column":24}},"103":{"start":{"line":199,"column":18},"end":{"line":209,"column":1}},"104":{"start":{"line":200,"column":1},"end":{"line":208,"column":2}},"105":{"start":{"line":201,"column":2},"end":{"line":201,"column":42}},"106":{"start":{"line":202,"column":2},"end":{"line":202,"column":34}},"107":{"start":{"line":203,"column":2},"end":{"line":203,"column":36}},"108":{"start":{"line":204,"column":2},"end":{"line":204,"column":36}},"109":{"start":{"line":205,"column":2},"end":{"line":207,"column":3}},"110":{"start":{"line":206,"column":3},"end":{"line":206,"column":36}},"111":{"start":{"line":211,"column":0},"end":{"line":211,"column":25}}},"fnMap":{"0":{"name":"(anonymous_0)","decl":{"start":{"line":16,"column":16},"end":{"line":16,"column":17}},"loc":{"start":{"line":16,"column":43},"end":{"line":28,"column":1}},"line":16},"1":{"name":"(anonymous_1)","decl":{"start":{"line":21,"column":7},"end":{"line":21,"column":8}},"loc":{"start":{"line":21,"column":21},"end":{"line":27,"column":2}},"line":21},"2":{"name":"(anonymous_2)","decl":{"start":{"line":22,"column":27},"end":{"line":22,"column":28}},"loc":{"start":{"line":22,"column":33},"end":{"line":24,"column":3}},"line":22},"3":{"name":"(anonymous_3)","decl":{"start":{"line":30,"column":17},"end":{"line":30,"column":18}},"loc":{"start":{"line":30,"column":28},"end":{"line":49,"column":1}},"line":30},"4":{"name":"(anonymous_4)","decl":{"start":{"line":45,"column":12},"end":{"line":45,"column":13}},"loc":{"start":{"line":45,"column":22},"end":{"line":47,"column":3}},"line":45},"5":{"name":"(anonymous_5)","decl":{"start":{"line":51,"column":20},"end":{"line":51,"column":21}},"loc":{"start":{"line":51,"column":48},"end":{"line":81,"column":1}},"line":51},"6":{"name":"(anonymous_6)","decl":{"start":{"line":64,"column":8},"end":{"line":64,"column":9}},"loc":{"start":{"line":64,"column":22},"end":{"line":77,"column":3}},"line":64},"7":{"name":"(anonymous_7)","decl":{"start":{"line":83,"column":23},"end":{"line":83,"column":24}},"loc":{"start":{"line":83,"column":29},"end":{"line":91,"column":1}},"line":83},"8":{"name":"(anonymous_8)","decl":{"start":{"line":94,"column":21},"end":{"line":94,"column":22}},"loc":{"start":{"line":94,"column":31},"end":{"line":104,"column":1}},"line":94},"9":{"name":"(anonymous_9)","decl":{"start":{"line":106,"column":18},"end":{"line":106,"column":19}},"loc":{"start":{"line":106,"column":28},"end":{"line":112,"column":1}},"line":106},"10":{"name":"(anonymous_10)","decl":{"start":{"line":114,"column":23},"end":{"line":114,"column":24}},"loc":{"start":{"line":114,"column":33},"end":{"line":117,"column":1}},"line":114},"11":{"name":"(anonymous_11)","decl":{"start":{"line":119,"column":27},"end":{"line":119,"column":28}},"loc":{"start":{"line":119,"column":44},"end":{"line":124,"column":1}},"line":119},"12":{"name":"(anonymous_12)","decl":{"start":{"line":126,"column":16},"end":{"line":126,"column":17}},"loc":{"start":{"line":126,"column":32},"end":{"line":152,"column":1}},"line":126},"13":{"name":"(anonymous_13)","decl":{"start":{"line":135,"column":24},"end":{"line":135,"column":25}},"loc":{"start":{"line":135,"column":33},"end":{"line":149,"column":2}},"line":135},"14":{"name":"(anonymous_14)","decl":{"start":{"line":154,"column":19},"end":{"line":154,"column":20}},"loc":{"start":{"line":154,"column":29},"end":{"line":160,"column":1}},"line":154},"15":{"name":"(anonymous_15)","decl":{"start":{"line":162,"column":20},"end":{"line":162,"column":21}},"loc":{"start":{"line":162,"column":44},"end":{"line":197,"column":1}},"line":162},"16":{"name":"(anonymous_16)","decl":{"start":{"line":164,"column":7},"end":{"line":164,"column":8}},"loc":{"start":{"line":164,"column":21},"end":{"line":191,"column":2}},"line":164},"17":{"name":"(anonymous_17)","decl":{"start":{"line":192,"column":8},"end":{"line":192,"column":9}},"loc":{"start":{"line":192,"column":19},"end":{"line":194,"column":2}},"line":192},"18":{"name":"(anonymous_18)","decl":{"start":{"line":199,"column":18},"end":{"line":199,"column":19}},"loc":{"start":{"line":199,"column":24},"end":{"line":209,"column":1}},"line":199}},"branchMap":{"0":{"loc":{"start":{"line":37,"column":1},"end":{"line":48,"column":2}},"type":"if","locations":[{"start":{"line":37,"column":1},"end":{"line":48,"column":2}},{"start":{"line":37,"column":1},"end":{"line":48,"column":2}}],"line":37},"1":{"loc":{"start":{"line":39,"column":2},"end":{"line":41,"column":3}},"type":"if","locations":[{"start":{"line":39,"column":2},"end":{"line":41,"column":3}},{"start":{"line":39,"column":2},"end":{"line":41,"column":3}}],"line":39},"2":{"loc":{"start":{"line":42,"column":8},"end":{"line":48,"column":2}},"type":"if","locations":[{"start":{"line":42,"column":8},"end":{"line":48,"column":2}},{"start":{"line":42,"column":8},"end":{"line":48,"column":2}}],"line":42},"3":{"loc":{"start":{"line":53,"column":1},"end":{"line":80,"column":2}},"type":"if","locations":[{"start":{"line":53,"column":1},"end":{"line":80,"column":2}},{"start":{"line":53,"column":1},"end":{"line":80,"column":2}}],"line":53},"4":{"loc":{"start":{"line":67,"column":3},"end":{"line":73,"column":4}},"type":"if","locations":[{"start":{"line":67,"column":3},"end":{"line":73,"column":4}},{"start":{"line":67,"column":3},"end":{"line":73,"column":4}}],"line":67},"5":{"loc":{"start":{"line":67,"column":7},"end":{"line":67,"column":59}},"type":"binary-expr","locations":[{"start":{"line":67,"column":7},"end":{"line":67,"column":33}},{"start":{"line":67,"column":37},"end":{"line":67,"column":59}}],"line":67},"6":{"loc":{"start":{"line":70,"column":10},"end":{"line":73,"column":4}},"type":"if","locations":[{"start":{"line":70,"column":10},"end":{"line":73,"column":4}},{"start":{"line":70,"column":10},"end":{"line":73,"column":4}}],"line":70},"7":{"loc":{"start":{"line":70,"column":14},"end":{"line":70,"column":65}},"type":"binary-expr","locations":[{"start":{"line":70,"column":14},"end":{"line":70,"column":39}},{"start":{"line":70,"column":43},"end":{"line":70,"column":65}}],"line":70},"8":{"loc":{"start":{"line":99,"column":1},"end":{"line":103,"column":2}},"type":"if","locations":[{"start":{"line":99,"column":1},"end":{"line":103,"column":2}},{"start":{"line":99,"column":1},"end":{"line":103,"column":2}}],"line":99},"9":{"loc":{"start":{"line":107,"column":1},"end":{"line":111,"column":2}},"type":"if","locations":[{"start":{"line":107,"column":1},"end":{"line":111,"column":2}},{"start":{"line":107,"column":1},"end":{"line":111,"column":2}}],"line":107},"10":{"loc":{"start":{"line":142,"column":2},"end":{"line":148,"column":3}},"type":"if","locations":[{"start":{"line":142,"column":2},"end":{"line":148,"column":3}},{"start":{"line":142,"column":2},"end":{"line":148,"column":3}}],"line":142},"11":{"loc":{"start":{"line":145,"column":3},"end":{"line":147,"column":4}},"type":"if","locations":[{"start":{"line":145,"column":3},"end":{"line":147,"column":4}},{"start":{"line":145,"column":3},"end":{"line":147,"column":4}}],"line":145},"12":{"loc":{"start":{"line":165,"column":2},"end":{"line":181,"column":3}},"type":"switch","locations":[{"start":{"line":166,"column":3},"end":{"line":174,"column":10}},{"start":{"line":175,"column":3},"end":{"line":180,"column":10}}],"line":165},"13":{"loc":{"start":{"line":167,"column":4},"end":{"line":172,"column":5}},"type":"if","locations":[{"start":{"line":167,"column":4},"end":{"line":172,"column":5}},{"start":{"line":167,"column":4},"end":{"line":172,"column":5}}],"line":167},"14":{"loc":{"start":{"line":176,"column":4},"end":{"line":178,"column":5}},"type":"if","locations":[{"start":{"line":176,"column":4},"end":{"line":178,"column":5}},{"start":{"line":176,"column":4},"end":{"line":178,"column":5}}],"line":176},"15":{"loc":{"start":{"line":183,"column":2},"end":{"line":189,"column":3}},"type":"if","locations":[{"start":{"line":183,"column":2},"end":{"line":189,"column":3}},{"start":{"line":183,"column":2},"end":{"line":189,"column":3}}],"line":183},"16":{"loc":{"start":{"line":183,"column":6},"end":{"line":183,"column":58}},"type":"binary-expr","locations":[{"start":{"line":183,"column":6},"end":{"line":183,"column":31}},{"start":{"line":183,"column":35},"end":{"line":183,"column":58}}],"line":183},"17":{"loc":{"start":{"line":186,"column":9},"end":{"line":189,"column":3}},"type":"if","locations":[{"start":{"line":186,"column":9},"end":{"line":189,"column":3}},{"start":{"line":186,"column":9},"end":{"line":189,"column":3}}],"line":186},"18":{"loc":{"start":{"line":186,"column":13},"end":{"line":186,"column":66}},"type":"binary-expr","locations":[{"start":{"line":186,"column":13},"end":{"line":186,"column":39}},{"start":{"line":186,"column":43},"end":{"line":186,"column":66}}],"line":186},"19":{"loc":{"start":{"line":200,"column":1},"end":{"line":208,"column":2}},"type":"if","locations":[{"start":{"line":200,"column":1},"end":{"line":208,"column":2}},{"start":{"line":200,"column":1},"end":{"line":208,"column":2}}],"line":200},"20":{"loc":{"start":{"line":205,"column":2},"end":{"line":207,"column":3}},"type":"if","locations":[{"start":{"line":205,"column":2},"end":{"line":207,"column":3}},{"start":{"line":205,"column":2},"end":{"line":207,"column":3}}],"line":205}},"s":{"0":1,"1":1,"2":1,"3":1,"4":1,"5":1,"6":1,"7":1,"8":1,"9":1,"10":1,"11":1,"12":1,"13":2,"14":2,"15":2,"16":2,"17":2,"18":2,"19":1,"20":5,"21":5,"22":5,"23":3,"24":3,"25":3,"26":2,"27":2,"28":2,"29":3,"30":1,"31":3,"32":3,"33":3,"34":3,"35":3,"36":3,"37":3,"38":3,"39":3,"40":0,"41":0,"42":3,"43":0,"44":0,"45":3,"46":3,"47":0,"48":1,"49":3,"50":3,"51":3,"52":3,"53":3,"54":3,"55":3,"56":1,"57":3,"58":3,"59":3,"60":0,"61":1,"62":3,"63":3,"64":0,"65":1,"66":3,"67":3,"68":1,"69":3,"70":137,"71":1,"72":137,"73":137,"74":16,"75":16,"76":16,"77":11,"78":5,"79":5,"80":137,"81":1,"82":16,"83":16,"84":1,"85":16,"86":14,"87":12,"88":0,"89":12,"90":12,"91":12,"92":2,"93":0,"94":2,"95":2,"96":14,"97":0,"98":0,"99":14,"100":14,"101":14,"102":16,"103":1,"104":3,"105":0,"106":0,"107":0,"108":0,"109":0,"110":0,"111":1},"f":{"0":2,"1":2,"2":2,"3":5,"4":3,"5":3,"6":3,"7":3,"8":3,"9":3,"10":3,"11":3,"12":137,"13":16,"14":16,"15":16,"16":14,"17":2,"18":3},"b":{"0":[3,2],"1":[3,0],"2":[2,0],"3":[3,0],"4":[0,3],"5":[3,3],"6":[0,3],"7":[3,0],"8":[3,0],"9":[3,0],"10":[11,5],"11":[5,0],"12":[12,2],"13":[0,12],"14":[0,2],"15":[0,14],"16":[14,0],"17":[14,0],"18":[14,14],"19":[0,3],"20":[0,0]},"_coverageSchema":"332fd63041d2c1bcb487cc26dd0d5f7d97098a6c","hash":"9a8a9f1c074513d1b54e590e826c485ea4170939"}
}
