{"C:\\Users\\Virginia\\Documents\\laboratoria\\lim20181-Track-FE-markdown-list\\index.js": {"path":"C:\\Users\\Virginia\\Documents\\laboratoria\\lim20181-Track-FE-markdown-list\\index.js","statementMap":{"0":{"start":{"line":1,"column":11},"end":{"line":1,"column":24}},"1":{"start":{"line":2,"column":14},"end":{"line":2,"column":35}},"2":{"start":{"line":3,"column":13},"end":{"line":3,"column":36}},"3":{"start":{"line":6,"column":14},"end":{"line":6,"column":16}},"4":{"start":{"line":7,"column":12},"end":{"line":7,"column":13}},"5":{"start":{"line":8,"column":13},"end":{"line":8,"column":14}},"6":{"start":{"line":9,"column":12},"end":{"line":9,"column":13}},"7":{"start":{"line":10,"column":17},"end":{"line":10,"column":19}},"8":{"start":{"line":11,"column":22},"end":{"line":11,"column":24}},"9":{"start":{"line":12,"column":13},"end":{"line":12,"column":14}},"10":{"start":{"line":13,"column":15},"end":{"line":13,"column":17}},"11":{"start":{"line":14,"column":14},"end":{"line":14,"column":16}},"12":{"start":{"line":16,"column":17},"end":{"line":35,"column":1}},"13":{"start":{"line":18,"column":20},"end":{"line":18,"column":31}},"14":{"start":{"line":20,"column":19},"end":{"line":20,"column":44}},"15":{"start":{"line":23,"column":1},"end":{"line":34,"column":2}},"16":{"start":{"line":24,"column":16},"end":{"line":24,"column":39}},"17":{"start":{"line":25,"column":2},"end":{"line":27,"column":3}},"18":{"start":{"line":26,"column":3},"end":{"line":26,"column":36}},"19":{"start":{"line":28,"column":8},"end":{"line":34,"column":2}},"20":{"start":{"line":29,"column":14},"end":{"line":29,"column":42}},"21":{"start":{"line":31,"column":2},"end":{"line":33,"column":5}},"22":{"start":{"line":32,"column":3},"end":{"line":32,"column":32}},"23":{"start":{"line":37,"column":20},"end":{"line":64,"column":1}},"24":{"start":{"line":38,"column":14},"end":{"line":38,"column":40}},"25":{"start":{"line":39,"column":1},"end":{"line":63,"column":2}},"26":{"start":{"line":41,"column":18},"end":{"line":41,"column":46}},"27":{"start":{"line":43,"column":16},"end":{"line":43,"column":35}},"28":{"start":{"line":45,"column":2},"end":{"line":45,"column":38}},"29":{"start":{"line":48,"column":2},"end":{"line":62,"column":5}},"30":{"start":{"line":50,"column":3},"end":{"line":50,"column":26}},"31":{"start":{"line":52,"column":3},"end":{"line":58,"column":4}},"32":{"start":{"line":53,"column":17},"end":{"line":53,"column":47}},"33":{"start":{"line":54,"column":4},"end":{"line":54,"column":25}},"34":{"start":{"line":55,"column":10},"end":{"line":58,"column":4}},"35":{"start":{"line":56,"column":17},"end":{"line":56,"column":63}},"36":{"start":{"line":57,"column":4},"end":{"line":57,"column":25}},"37":{"start":{"line":60,"column":3},"end":{"line":60,"column":15}},"38":{"start":{"line":61,"column":3},"end":{"line":61,"column":20}},"39":{"start":{"line":66,"column":23},"end":{"line":74,"column":1}},"40":{"start":{"line":67,"column":1},"end":{"line":67,"column":11}},"41":{"start":{"line":68,"column":1},"end":{"line":68,"column":12}},"42":{"start":{"line":69,"column":1},"end":{"line":69,"column":11}},"43":{"start":{"line":70,"column":1},"end":{"line":70,"column":17}},"44":{"start":{"line":71,"column":1},"end":{"line":71,"column":22}},"45":{"start":{"line":72,"column":1},"end":{"line":72,"column":12}},"46":{"start":{"line":73,"column":1},"end":{"line":73,"column":15}},"47":{"start":{"line":77,"column":21},"end":{"line":87,"column":1}},"48":{"start":{"line":81,"column":19},"end":{"line":81,"column":68}},"49":{"start":{"line":82,"column":1},"end":{"line":86,"column":2}},"50":{"start":{"line":83,"column":2},"end":{"line":83,"column":14}},"51":{"start":{"line":85,"column":2},"end":{"line":85,"column":15}},"52":{"start":{"line":89,"column":18},"end":{"line":95,"column":1}},"53":{"start":{"line":90,"column":13},"end":{"line":90,"column":18}},"54":{"start":{"line":91,"column":1},"end":{"line":93,"column":2}},"55":{"start":{"line":92,"column":2},"end":{"line":92,"column":15}},"56":{"start":{"line":94,"column":1},"end":{"line":94,"column":14}},"57":{"start":{"line":97,"column":23},"end":{"line":100,"column":1}},"58":{"start":{"line":98,"column":18},"end":{"line":98,"column":47}},"59":{"start":{"line":99,"column":1},"end":{"line":99,"column":17}},"60":{"start":{"line":102,"column":27},"end":{"line":107,"column":1}},"61":{"start":{"line":103,"column":1},"end":{"line":106,"column":2}},"62":{"start":{"line":105,"column":2},"end":{"line":105,"column":22}},"63":{"start":{"line":109,"column":16},"end":{"line":134,"column":1}},"64":{"start":{"line":115,"column":18},"end":{"line":115,"column":101}},"65":{"start":{"line":118,"column":1},"end":{"line":132,"column":4}},"66":{"start":{"line":120,"column":18},"end":{"line":120,"column":34}},"67":{"start":{"line":122,"column":2},"end":{"line":122,"column":34}},"68":{"start":{"line":125,"column":2},"end":{"line":131,"column":3}},"69":{"start":{"line":126,"column":3},"end":{"line":126,"column":24}},"70":{"start":{"line":128,"column":3},"end":{"line":130,"column":4}},"71":{"start":{"line":129,"column":4},"end":{"line":129,"column":30}},"72":{"start":{"line":133,"column":1},"end":{"line":133,"column":53}},"73":{"start":{"line":136,"column":19},"end":{"line":142,"column":1}},"74":{"start":{"line":137,"column":21},"end":{"line":140,"column":2}},"75":{"start":{"line":141,"column":1},"end":{"line":141,"column":20}},"76":{"start":{"line":144,"column":20},"end":{"line":180,"column":1}},"77":{"start":{"line":145,"column":15},"end":{"line":177,"column":3}},"78":{"start":{"line":147,"column":2},"end":{"line":164,"column":3}},"79":{"start":{"line":149,"column":4},"end":{"line":153,"column":5}},"80":{"start":{"line":150,"column":5},"end":{"line":150,"column":80}},"81":{"start":{"line":151,"column":11},"end":{"line":153,"column":5}},"82":{"start":{"line":152,"column":5},"end":{"line":152,"column":51}},"83":{"start":{"line":154,"column":4},"end":{"line":154,"column":12}},"84":{"start":{"line":155,"column":4},"end":{"line":155,"column":10}},"85":{"start":{"line":157,"column":4},"end":{"line":161,"column":5}},"86":{"start":{"line":158,"column":5},"end":{"line":158,"column":82}},"87":{"start":{"line":159,"column":11},"end":{"line":161,"column":5}},"88":{"start":{"line":160,"column":5},"end":{"line":160,"column":50}},"89":{"start":{"line":162,"column":4},"end":{"line":162,"column":13}},"90":{"start":{"line":163,"column":4},"end":{"line":163,"column":10}},"91":{"start":{"line":166,"column":2},"end":{"line":172,"column":3}},"92":{"start":{"line":167,"column":16},"end":{"line":167,"column":83}},"93":{"start":{"line":168,"column":3},"end":{"line":168,"column":24}},"94":{"start":{"line":169,"column":9},"end":{"line":172,"column":3}},"95":{"start":{"line":170,"column":16},"end":{"line":170,"column":54}},"96":{"start":{"line":171,"column":3},"end":{"line":171,"column":24}},"97":{"start":{"line":179,"column":1},"end":{"line":179,"column":24}},"98":{"start":{"line":182,"column":18},"end":{"line":192,"column":1}},"99":{"start":{"line":183,"column":1},"end":{"line":191,"column":2}},"100":{"start":{"line":184,"column":2},"end":{"line":184,"column":42}},"101":{"start":{"line":185,"column":2},"end":{"line":185,"column":34}},"102":{"start":{"line":186,"column":2},"end":{"line":186,"column":36}},"103":{"start":{"line":187,"column":2},"end":{"line":187,"column":36}},"104":{"start":{"line":188,"column":2},"end":{"line":190,"column":3}},"105":{"start":{"line":189,"column":3},"end":{"line":189,"column":36}},"106":{"start":{"line":194,"column":16},"end":{"line":203,"column":1}},"107":{"start":{"line":195,"column":1},"end":{"line":202,"column":4}},"108":{"start":{"line":196,"column":2},"end":{"line":196,"column":27}},"109":{"start":{"line":197,"column":2},"end":{"line":197,"column":18}},"110":{"start":{"line":199,"column":2},"end":{"line":199,"column":30}},"111":{"start":{"line":201,"column":2},"end":{"line":201,"column":26}},"112":{"start":{"line":205,"column":0},"end":{"line":205,"column":25}}},"fnMap":{"0":{"name":"(anonymous_0)","decl":{"start":{"line":16,"column":17},"end":{"line":16,"column":18}},"loc":{"start":{"line":16,"column":28},"end":{"line":35,"column":1}},"line":16},"1":{"name":"(anonymous_1)","decl":{"start":{"line":31,"column":12},"end":{"line":31,"column":13}},"loc":{"start":{"line":31,"column":22},"end":{"line":33,"column":3}},"line":31},"2":{"name":"(anonymous_2)","decl":{"start":{"line":37,"column":20},"end":{"line":37,"column":21}},"loc":{"start":{"line":37,"column":48},"end":{"line":64,"column":1}},"line":37},"3":{"name":"(anonymous_3)","decl":{"start":{"line":49,"column":8},"end":{"line":49,"column":9}},"loc":{"start":{"line":49,"column":14},"end":{"line":62,"column":3}},"line":49},"4":{"name":"(anonymous_4)","decl":{"start":{"line":66,"column":23},"end":{"line":66,"column":24}},"loc":{"start":{"line":66,"column":29},"end":{"line":74,"column":1}},"line":66},"5":{"name":"(anonymous_5)","decl":{"start":{"line":77,"column":21},"end":{"line":77,"column":22}},"loc":{"start":{"line":77,"column":31},"end":{"line":87,"column":1}},"line":77},"6":{"name":"(anonymous_6)","decl":{"start":{"line":89,"column":18},"end":{"line":89,"column":19}},"loc":{"start":{"line":89,"column":28},"end":{"line":95,"column":1}},"line":89},"7":{"name":"(anonymous_7)","decl":{"start":{"line":97,"column":23},"end":{"line":97,"column":24}},"loc":{"start":{"line":97,"column":33},"end":{"line":100,"column":1}},"line":97},"8":{"name":"(anonymous_8)","decl":{"start":{"line":102,"column":27},"end":{"line":102,"column":28}},"loc":{"start":{"line":102,"column":44},"end":{"line":107,"column":1}},"line":102},"9":{"name":"(anonymous_9)","decl":{"start":{"line":109,"column":16},"end":{"line":109,"column":17}},"loc":{"start":{"line":109,"column":32},"end":{"line":134,"column":1}},"line":109},"10":{"name":"(anonymous_10)","decl":{"start":{"line":118,"column":24},"end":{"line":118,"column":25}},"loc":{"start":{"line":118,"column":33},"end":{"line":132,"column":2}},"line":118},"11":{"name":"(anonymous_11)","decl":{"start":{"line":136,"column":19},"end":{"line":136,"column":20}},"loc":{"start":{"line":136,"column":29},"end":{"line":142,"column":1}},"line":136},"12":{"name":"(anonymous_12)","decl":{"start":{"line":144,"column":20},"end":{"line":144,"column":21}},"loc":{"start":{"line":144,"column":44},"end":{"line":180,"column":1}},"line":144},"13":{"name":"(anonymous_13)","decl":{"start":{"line":146,"column":7},"end":{"line":146,"column":8}},"loc":{"start":{"line":146,"column":21},"end":{"line":174,"column":2}},"line":146},"14":{"name":"(anonymous_14)","decl":{"start":{"line":175,"column":8},"end":{"line":175,"column":9}},"loc":{"start":{"line":175,"column":19},"end":{"line":177,"column":2}},"line":175},"15":{"name":"(anonymous_15)","decl":{"start":{"line":182,"column":18},"end":{"line":182,"column":19}},"loc":{"start":{"line":182,"column":24},"end":{"line":192,"column":1}},"line":182},"16":{"name":"(anonymous_16)","decl":{"start":{"line":194,"column":16},"end":{"line":194,"column":17}},"loc":{"start":{"line":194,"column":43},"end":{"line":203,"column":1}},"line":194},"17":{"name":"(anonymous_17)","decl":{"start":{"line":195,"column":20},"end":{"line":195,"column":21}},"loc":{"start":{"line":195,"column":47},"end":{"line":202,"column":2}},"line":195}},"branchMap":{"0":{"loc":{"start":{"line":23,"column":1},"end":{"line":34,"column":2}},"type":"if","locations":[{"start":{"line":23,"column":1},"end":{"line":34,"column":2}},{"start":{"line":23,"column":1},"end":{"line":34,"column":2}}],"line":23},"1":{"loc":{"start":{"line":25,"column":2},"end":{"line":27,"column":3}},"type":"if","locations":[{"start":{"line":25,"column":2},"end":{"line":27,"column":3}},{"start":{"line":25,"column":2},"end":{"line":27,"column":3}}],"line":25},"2":{"loc":{"start":{"line":28,"column":8},"end":{"line":34,"column":2}},"type":"if","locations":[{"start":{"line":28,"column":8},"end":{"line":34,"column":2}},{"start":{"line":28,"column":8},"end":{"line":34,"column":2}}],"line":28},"3":{"loc":{"start":{"line":39,"column":1},"end":{"line":63,"column":2}},"type":"if","locations":[{"start":{"line":39,"column":1},"end":{"line":63,"column":2}},{"start":{"line":39,"column":1},"end":{"line":63,"column":2}}],"line":39},"4":{"loc":{"start":{"line":52,"column":3},"end":{"line":58,"column":4}},"type":"if","locations":[{"start":{"line":52,"column":3},"end":{"line":58,"column":4}},{"start":{"line":52,"column":3},"end":{"line":58,"column":4}}],"line":52},"5":{"loc":{"start":{"line":52,"column":7},"end":{"line":52,"column":59}},"type":"binary-expr","locations":[{"start":{"line":52,"column":7},"end":{"line":52,"column":33}},{"start":{"line":52,"column":37},"end":{"line":52,"column":59}}],"line":52},"6":{"loc":{"start":{"line":55,"column":10},"end":{"line":58,"column":4}},"type":"if","locations":[{"start":{"line":55,"column":10},"end":{"line":58,"column":4}},{"start":{"line":55,"column":10},"end":{"line":58,"column":4}}],"line":55},"7":{"loc":{"start":{"line":55,"column":14},"end":{"line":55,"column":65}},"type":"binary-expr","locations":[{"start":{"line":55,"column":14},"end":{"line":55,"column":39}},{"start":{"line":55,"column":43},"end":{"line":55,"column":65}}],"line":55},"8":{"loc":{"start":{"line":82,"column":1},"end":{"line":86,"column":2}},"type":"if","locations":[{"start":{"line":82,"column":1},"end":{"line":86,"column":2}},{"start":{"line":82,"column":1},"end":{"line":86,"column":2}}],"line":82},"9":{"loc":{"start":{"line":91,"column":1},"end":{"line":93,"column":2}},"type":"if","locations":[{"start":{"line":91,"column":1},"end":{"line":93,"column":2}},{"start":{"line":91,"column":1},"end":{"line":93,"column":2}}],"line":91},"10":{"loc":{"start":{"line":125,"column":2},"end":{"line":131,"column":3}},"type":"if","locations":[{"start":{"line":125,"column":2},"end":{"line":131,"column":3}},{"start":{"line":125,"column":2},"end":{"line":131,"column":3}}],"line":125},"11":{"loc":{"start":{"line":128,"column":3},"end":{"line":130,"column":4}},"type":"if","locations":[{"start":{"line":128,"column":3},"end":{"line":130,"column":4}},{"start":{"line":128,"column":3},"end":{"line":130,"column":4}}],"line":128},"12":{"loc":{"start":{"line":147,"column":2},"end":{"line":164,"column":3}},"type":"switch","locations":[{"start":{"line":148,"column":3},"end":{"line":155,"column":10}},{"start":{"line":156,"column":3},"end":{"line":163,"column":10}}],"line":147},"13":{"loc":{"start":{"line":149,"column":4},"end":{"line":153,"column":5}},"type":"if","locations":[{"start":{"line":149,"column":4},"end":{"line":153,"column":5}},{"start":{"line":149,"column":4},"end":{"line":153,"column":5}}],"line":149},"14":{"loc":{"start":{"line":149,"column":8},"end":{"line":149,"column":60}},"type":"binary-expr","locations":[{"start":{"line":149,"column":8},"end":{"line":149,"column":33}},{"start":{"line":149,"column":37},"end":{"line":149,"column":60}}],"line":149},"15":{"loc":{"start":{"line":151,"column":11},"end":{"line":153,"column":5}},"type":"if","locations":[{"start":{"line":151,"column":11},"end":{"line":153,"column":5}},{"start":{"line":151,"column":11},"end":{"line":153,"column":5}}],"line":151},"16":{"loc":{"start":{"line":151,"column":15},"end":{"line":151,"column":68}},"type":"binary-expr","locations":[{"start":{"line":151,"column":15},"end":{"line":151,"column":41}},{"start":{"line":151,"column":45},"end":{"line":151,"column":68}}],"line":151},"17":{"loc":{"start":{"line":157,"column":4},"end":{"line":161,"column":5}},"type":"if","locations":[{"start":{"line":157,"column":4},"end":{"line":161,"column":5}},{"start":{"line":157,"column":4},"end":{"line":161,"column":5}}],"line":157},"18":{"loc":{"start":{"line":157,"column":8},"end":{"line":157,"column":60}},"type":"binary-expr","locations":[{"start":{"line":157,"column":8},"end":{"line":157,"column":33}},{"start":{"line":157,"column":37},"end":{"line":157,"column":60}}],"line":157},"19":{"loc":{"start":{"line":159,"column":11},"end":{"line":161,"column":5}},"type":"if","locations":[{"start":{"line":159,"column":11},"end":{"line":161,"column":5}},{"start":{"line":159,"column":11},"end":{"line":161,"column":5}}],"line":159},"20":{"loc":{"start":{"line":159,"column":15},"end":{"line":159,"column":68}},"type":"binary-expr","locations":[{"start":{"line":159,"column":15},"end":{"line":159,"column":41}},{"start":{"line":159,"column":45},"end":{"line":159,"column":68}}],"line":159},"21":{"loc":{"start":{"line":166,"column":2},"end":{"line":172,"column":3}},"type":"if","locations":[{"start":{"line":166,"column":2},"end":{"line":172,"column":3}},{"start":{"line":166,"column":2},"end":{"line":172,"column":3}}],"line":166},"22":{"loc":{"start":{"line":166,"column":6},"end":{"line":166,"column":58}},"type":"binary-expr","locations":[{"start":{"line":166,"column":6},"end":{"line":166,"column":31}},{"start":{"line":166,"column":35},"end":{"line":166,"column":58}}],"line":166},"23":{"loc":{"start":{"line":169,"column":9},"end":{"line":172,"column":3}},"type":"if","locations":[{"start":{"line":169,"column":9},"end":{"line":172,"column":3}},{"start":{"line":169,"column":9},"end":{"line":172,"column":3}}],"line":169},"24":{"loc":{"start":{"line":169,"column":13},"end":{"line":169,"column":66}},"type":"binary-expr","locations":[{"start":{"line":169,"column":13},"end":{"line":169,"column":39}},{"start":{"line":169,"column":43},"end":{"line":169,"column":66}}],"line":169},"25":{"loc":{"start":{"line":183,"column":1},"end":{"line":191,"column":2}},"type":"if","locations":[{"start":{"line":183,"column":1},"end":{"line":191,"column":2}},{"start":{"line":183,"column":1},"end":{"line":191,"column":2}}],"line":183},"26":{"loc":{"start":{"line":188,"column":2},"end":{"line":190,"column":3}},"type":"if","locations":[{"start":{"line":188,"column":2},"end":{"line":190,"column":3}},{"start":{"line":188,"column":2},"end":{"line":190,"column":3}}],"line":188}},"s":{"0":1,"1":1,"2":1,"3":1,"4":1,"5":1,"6":1,"7":1,"8":1,"9":1,"10":1,"11":1,"12":1,"13":22,"14":22,"15":22,"16":18,"17":18,"18":18,"19":4,"20":4,"21":4,"22":12,"23":1,"24":18,"25":18,"26":13,"27":13,"28":13,"29":13,"30":13,"31":13,"32":3,"33":3,"34":10,"35":3,"36":3,"37":13,"38":13,"39":1,"40":13,"41":13,"42":13,"43":13,"44":13,"45":13,"46":13,"47":1,"48":18,"49":18,"50":13,"51":5,"52":1,"53":18,"54":18,"55":18,"56":18,"57":1,"58":13,"59":13,"60":1,"61":13,"62":13,"63":1,"64":13,"65":13,"66":13,"67":13,"68":13,"69":12,"70":1,"71":1,"72":13,"73":1,"74":13,"75":13,"76":1,"77":13,"78":13,"79":9,"80":2,"81":7,"82":3,"83":9,"84":9,"85":4,"86":1,"87":3,"88":1,"89":4,"90":4,"91":13,"92":3,"93":3,"94":10,"95":4,"96":4,"97":13,"98":1,"99":13,"100":6,"101":6,"102":6,"103":6,"104":6,"105":3,"106":1,"107":10,"108":10,"109":10,"110":10,"111":10,"112":1},"f":{"0":22,"1":12,"2":18,"3":13,"4":13,"5":18,"6":18,"7":13,"8":13,"9":13,"10":13,"11":13,"12":13,"13":13,"14":0,"15":13,"16":10,"17":10},"b":{"0":[18,4],"1":[18,0],"2":[4,0],"3":[13,5],"4":[3,10],"5":[13,7],"6":[3,7],"7":[10,6],"8":[13,5],"9":[18,0],"10":[12,1],"11":[1,0],"12":[9,4],"13":[2,7],"14":[9,4],"15":[3,4],"16":[7,5],"17":[1,3],"18":[4,2],"19":[1,2],"20":[3,2],"21":[3,10],"22":[13,6],"23":[4,6],"24":[10,7],"25":[6,7],"26":[3,3]},"_coverageSchema":"332fd63041d2c1bcb487cc26dd0d5f7d97098a6c","hash":"cf73a0970de6e1fdf5f096d76f03989337f2f486"}
}
