TN:
SF:C:\Users\Virginia\Documents\laboratoria\lim20181-Track-FE-markdown-list\index.js
FN:16,(anonymous_0)
FN:31,(anonymous_1)
FN:37,(anonymous_2)
FN:49,(anonymous_3)
FN:68,(anonymous_4)
FN:79,(anonymous_5)
FN:91,(anonymous_6)
FN:99,(anonymous_7)
FN:104,(anonymous_8)
FN:111,(anonymous_9)
FN:120,(anonymous_10)
FN:139,(anonymous_11)
FN:147,(anonymous_12)
FN:149,(anonymous_13)
FN:178,(anonymous_14)
FN:185,(anonymous_15)
FN:197,(anonymous_16)
FN:202,(anonymous_17)
FN:203,(anonymous_18)
FNF:19
FNH:19
FNDA:5,(anonymous_0)
FNDA:3,(anonymous_1)
FNDA:3,(anonymous_2)
FNDA:3,(anonymous_3)
FNDA:3,(anonymous_4)
FNDA:3,(anonymous_5)
FNDA:3,(anonymous_6)
FNDA:3,(anonymous_7)
FNDA:3,(anonymous_8)
FNDA:159,(anonymous_9)
FNDA:16,(anonymous_10)
FNDA:16,(anonymous_11)
FNDA:16,(anonymous_12)
FNDA:14,(anonymous_13)
FNDA:2,(anonymous_14)
FNDA:3,(anonymous_15)
FNDA:2,(anonymous_16)
FNDA:2,(anonymous_17)
FNDA:2,(anonymous_18)
DA:1,1
DA:2,1
DA:3,1
DA:6,1
DA:7,1
DA:8,1
DA:9,1
DA:10,1
DA:11,1
DA:12,1
DA:13,1
DA:14,1
DA:16,1
DA:18,5
DA:20,5
DA:23,5
DA:24,3
DA:25,3
DA:26,3
DA:28,2
DA:29,2
DA:31,2
DA:32,3
DA:37,1
DA:38,3
DA:39,3
DA:41,3
DA:43,3
DA:45,3
DA:48,3
DA:50,3
DA:52,3
DA:53,0
DA:54,0
DA:55,3
DA:56,0
DA:57,0
DA:60,3
DA:61,3
DA:64,0
DA:68,1
DA:69,3
DA:70,3
DA:71,3
DA:72,3
DA:73,3
DA:74,3
DA:75,3
DA:79,1
DA:83,3
DA:84,3
DA:85,3
DA:87,0
DA:91,1
DA:92,3
DA:93,3
DA:95,0
DA:99,1
DA:100,3
DA:101,3
DA:104,1
DA:105,3
DA:107,159
DA:111,1
DA:117,159
DA:120,159
DA:122,16
DA:124,16
DA:127,16
DA:128,11
DA:130,5
DA:131,5
DA:135,159
DA:139,1
DA:140,16
DA:144,16
DA:147,1
DA:148,16
DA:150,14
DA:152,12
DA:153,0
DA:154,12
DA:155,12
DA:157,12
DA:158,12
DA:160,2
DA:161,0
DA:162,2
DA:163,2
DA:165,2
DA:166,2
DA:169,14
DA:170,0
DA:171,0
DA:172,14
DA:173,14
DA:174,14
DA:182,16
DA:185,1
DA:186,3
DA:187,0
DA:188,0
DA:189,0
DA:190,0
DA:191,0
DA:192,0
DA:197,1
DA:198,2
DA:199,2
DA:201,2
DA:203,2
DA:204,2
DA:207,2
DA:211,1
LF:114
LH:97
BRDA:23,0,0,3
BRDA:23,0,1,2
BRDA:25,1,0,3
BRDA:25,1,1,0
BRDA:28,2,0,2
BRDA:28,2,1,0
BRDA:39,3,0,3
BRDA:39,3,1,0
BRDA:52,4,0,0
BRDA:52,4,1,3
BRDA:52,5,0,3
BRDA:52,5,1,3
BRDA:55,6,0,0
BRDA:55,6,1,3
BRDA:55,7,0,3
BRDA:55,7,1,0
BRDA:84,8,0,3
BRDA:84,8,1,0
BRDA:92,9,0,3
BRDA:92,9,1,0
BRDA:127,10,0,11
BRDA:127,10,1,5
BRDA:130,11,0,5
BRDA:130,11,1,0
BRDA:150,12,0,12
BRDA:150,12,1,2
BRDA:152,13,0,0
BRDA:152,13,1,12
BRDA:152,14,0,12
BRDA:152,14,1,0
BRDA:154,15,0,12
BRDA:154,15,1,0
BRDA:154,16,0,12
BRDA:154,16,1,12
BRDA:160,17,0,0
BRDA:160,17,1,2
BRDA:160,18,0,2
BRDA:160,18,1,0
BRDA:162,19,0,2
BRDA:162,19,1,0
BRDA:162,20,0,2
BRDA:162,20,1,2
BRDA:169,21,0,0
BRDA:169,21,1,14
BRDA:169,22,0,14
BRDA:169,22,1,0
BRDA:172,23,0,14
BRDA:172,23,1,0
BRDA:172,24,0,14
BRDA:172,24,1,14
BRDA:186,25,0,0
BRDA:186,25,1,3
BRDA:191,26,0,0
BRDA:191,26,1,0
BRF:54
BRH:33
end_of_record
