TN:
SF:C:\Users\Virginia\Documents\laboratoria\lim20181-Track-FE-markdown-list\index.js
FN:16,(anonymous_0)
FN:31,(anonymous_1)
FN:37,(anonymous_2)
FN:49,(anonymous_3)
FN:66,(anonymous_4)
FN:77,(anonymous_5)
FN:89,(anonymous_6)
FN:97,(anonymous_7)
FN:102,(anonymous_8)
FN:109,(anonymous_9)
FN:118,(anonymous_10)
FN:136,(anonymous_11)
FN:144,(anonymous_12)
FN:146,(anonymous_13)
FN:175,(anonymous_14)
FN:182,(anonymous_15)
FN:194,(anonymous_16)
FN:195,(anonymous_17)
FNF:18
FNH:17
FNDA:22,(anonymous_0)
FNDA:12,(anonymous_1)
FNDA:18,(anonymous_2)
FNDA:13,(anonymous_3)
FNDA:13,(anonymous_4)
FNDA:18,(anonymous_5)
FNDA:18,(anonymous_6)
FNDA:13,(anonymous_7)
FNDA:13,(anonymous_8)
FNDA:13,(anonymous_9)
FNDA:13,(anonymous_10)
FNDA:13,(anonymous_11)
FNDA:13,(anonymous_12)
FNDA:13,(anonymous_13)
FNDA:0,(anonymous_14)
FNDA:13,(anonymous_15)
FNDA:10,(anonymous_16)
FNDA:10,(anonymous_17)
DA:1,1
DA:2,1
DA:3,1
DA:6,1
DA:7,1
DA:8,1
DA:9,1
DA:10,1
DA:11,1
DA:12,1
DA:13,1
DA:14,1
DA:16,1
DA:18,22
DA:20,22
DA:23,22
DA:24,18
DA:25,18
DA:26,18
DA:28,4
DA:29,4
DA:31,4
DA:32,12
DA:37,1
DA:38,18
DA:39,18
DA:41,13
DA:43,13
DA:45,13
DA:48,13
DA:50,13
DA:52,13
DA:53,3
DA:54,3
DA:55,10
DA:56,3
DA:57,3
DA:60,13
DA:61,13
DA:66,1
DA:67,13
DA:68,13
DA:69,13
DA:70,13
DA:71,13
DA:72,13
DA:73,13
DA:77,1
DA:81,18
DA:82,18
DA:83,13
DA:85,5
DA:89,1
DA:90,18
DA:91,18
DA:92,18
DA:94,18
DA:97,1
DA:98,13
DA:99,13
DA:102,1
DA:103,13
DA:105,13
DA:109,1
DA:115,13
DA:118,13
DA:120,13
DA:122,13
DA:125,13
DA:126,12
DA:128,1
DA:129,1
DA:133,13
DA:136,1
DA:137,13
DA:141,13
DA:144,1
DA:145,13
DA:147,13
DA:149,9
DA:150,2
DA:151,7
DA:152,3
DA:154,9
DA:155,9
DA:157,4
DA:158,1
DA:159,3
DA:160,1
DA:162,4
DA:163,4
DA:166,13
DA:167,3
DA:168,3
DA:169,10
DA:170,4
DA:171,4
DA:179,13
DA:182,1
DA:183,13
DA:184,6
DA:185,6
DA:186,6
DA:187,6
DA:188,6
DA:189,3
DA:194,1
DA:195,10
DA:196,10
DA:197,10
DA:199,10
DA:201,10
DA:205,1
LF:113
LH:113
BRDA:23,0,0,18
BRDA:23,0,1,4
BRDA:25,1,0,18
BRDA:25,1,1,0
BRDA:28,2,0,4
BRDA:28,2,1,0
BRDA:39,3,0,13
BRDA:39,3,1,5
BRDA:52,4,0,3
BRDA:52,4,1,10
BRDA:52,5,0,13
BRDA:52,5,1,7
BRDA:55,6,0,3
BRDA:55,6,1,7
BRDA:55,7,0,10
BRDA:55,7,1,6
BRDA:82,8,0,13
BRDA:82,8,1,5
BRDA:91,9,0,18
BRDA:91,9,1,0
BRDA:125,10,0,12
BRDA:125,10,1,1
BRDA:128,11,0,1
BRDA:128,11,1,0
BRDA:147,12,0,9
BRDA:147,12,1,4
BRDA:149,13,0,2
BRDA:149,13,1,7
BRDA:149,14,0,9
BRDA:149,14,1,4
BRDA:151,15,0,3
BRDA:151,15,1,4
BRDA:151,16,0,7
BRDA:151,16,1,5
BRDA:157,17,0,1
BRDA:157,17,1,3
BRDA:157,18,0,4
BRDA:157,18,1,2
BRDA:159,19,0,1
BRDA:159,19,1,2
BRDA:159,20,0,3
BRDA:159,20,1,2
BRDA:166,21,0,3
BRDA:166,21,1,10
BRDA:166,22,0,13
BRDA:166,22,1,6
BRDA:169,23,0,4
BRDA:169,23,1,6
BRDA:169,24,0,10
BRDA:169,24,1,7
BRDA:183,25,0,6
BRDA:183,25,1,7
BRDA:188,26,0,3
BRDA:188,26,1,3
BRF:54
BRH:50
end_of_record
